<?xml version="1.0" encoding="UTF-8"?>
<testsuite xmlns:xsi="http://www.w3.org/2001/XMLSchema-instance" xsi:noNamespaceSchemaLocation="https://maven.apache.org/surefire/maven-surefire-plugin/xsd/surefire-test-report-3.0.xsd" version="3.0" name="SliderUITest" time="70.888" tests="4" errors="0" skipped="0" failures="0">
  <properties>
[...]
</properties>
  <testcase name="testPageLoadsCorrectly" classname="SliderUITest" time="0.2">
    <system-err><![CDATA[Dec 04, 2024 9:16:48 PM org.openqa.selenium.remote.service.DriverService$Builder getLogOutput
INFO: Driver logs no longer sent to console by default; https://www.selenium.dev/documentation/webdriver/drivers/service/#setting-log-output
SLF4J: Failed to load class "org.slf4j.impl.StaticLoggerBinder".
SLF4J: Defaulting to no-operation (NOP) logger implementation
SLF4J: See http://www.slf4j.org/codes.html#StaticLoggerBinder for further details.
Dec 04, 2024 9:16:52 PM org.openqa.selenium.devtools.CdpVersionFinder findNearestMatch
WARNING: Unable to find CDP implementation matching 131
Dec 04, 2024 9:16:52 PM org.openqa.selenium.chromium.ChromiumDriver lambda$new$4
WARNING: Unable to find version of CDP to use for . You may need to include a dependency on a specific version of the CDP using something similar to `org.seleniumhq.selenium:selenium-devtools-v86:4.10.0` where the version ("v86") matches the version of the chromium-based browser you're using and the version number of the artifact is the same as Selenium's.
]]></system-err>
  </testcase>
  <testcase name="testManualCreateSlider" classname="SliderUITest" time="13.693">
    <system-out><![CDATA[Please create a new slider by clicking the 'Create New Slider' button.
Click the 'Create New Slider' button and fill in the form with valid values, then click 'Create'.
Press ENTER to continue...
]]></system-out>
  </testcase>
  <testcase name="testManualEditSlider" classname="SliderUITest" time="20.051">
    <system-out><![CDATA[Please edit an existing slider by clicking the 'Edit' button.
Click the 'Edit' button for any slider, modify its values, and click 'Update'.
Press ENTER to continue...
Alert found with message: Slider Create New Slider ok!
]]></system-out>
  </testcase>
  <testcase name="testManualDeleteSlider" classname="SliderUITest" time="30.575">
    <system-out><![CDATA[Please delete a slider by clicking the 'Delete' button.
Click the 'Delete' button for any slider in the list.
Press ENTER to continue...
The slider was successfully deleted.
]]></system-out>
  </testcase>
</testsuite>